c:\soft3d\soft3d\softengine\x64\debug\softengine.pch
c:\soft3d\soft3d\x64\debug\softengine.pdb
c:\soft3d\soft3d\x64\debug\softengine.idb
c:\soft3d\soft3d\softengine\x64\debug\pch.obj
c:\soft3d\soft3d\softengine\x64\debug\gl.obj
c:\soft3d\soft3d\softengine\x64\debug\shadereffect.obj
c:\soft3d\soft3d\softengine\x64\debug\scenegraph.obj
c:\soft3d\soft3d\softengine\x64\debug\renderer.obj
c:\soft3d\soft3d\softengine\x64\debug\rect.obj
c:\soft3d\soft3d\softengine\x64\debug\quickdraw.obj
c:\soft3d\soft3d\softengine\x64\debug\pixelmap.obj
c:\soft3d\soft3d\softengine\x64\debug\nodelight.obj
c:\soft3d\soft3d\softengine\x64\debug\nodeentity.obj
c:\soft3d\soft3d\softengine\x64\debug\nodecamera.obj
c:\soft3d\soft3d\softengine\x64\debug\node.obj
c:\soft3d\soft3d\softengine\x64\debug\mesh3d.obj
c:\soft3d\soft3d\softengine\x64\debug\mathhelper.obj
c:\soft3d\soft3d\softengine\x64\debug\kfont.obj
c:\soft3d\soft3d\softengine\x64\debug\importer.obj
c:\soft3d\soft3d\softengine\x64\debug\gameinput.obj
c:\soft3d\soft3d\softengine\x64\debug\depthbuffer.obj
c:\soft3d\soft3d\softengine\x64\debug\color.obj
c:\soft3d\soft3d\softengine\x64\debug\channel.obj
c:\soft3d\soft3d\softengine\x64\debug\audiosystem.obj
c:\soft3d\soft3d\softengine\x64\debug\appstate.obj
c:\soft3d\soft3d\softengine\x64\debug\vfile.obj
c:\soft3d\soft3d\softengine\x64\debug\texture2d.obj
c:\soft3d\soft3d\softengine\x64\debug\sound.obj
c:\soft3d\soft3d\softengine\x64\debug\softtypes.obj
c:\soft3d\soft3d\softengine\x64\debug\softengine.obj
c:\soft3d\soft3d\softengine\x64\debug\softapp.obj
c:\soft3d\soft3d\softengine\x64\debug\renderernitro.obj
c:\soft3d\soft3d\x64\debug\softengine.lib
c:\soft3d\soft3d\softengine\x64\debug\softengine.tlog\cl.command.1.tlog
c:\soft3d\soft3d\softengine\x64\debug\softengine.tlog\cl.read.1.tlog
c:\soft3d\soft3d\softengine\x64\debug\softengine.tlog\cl.write.1.tlog
c:\soft3d\soft3d\softengine\x64\debug\softengine.tlog\lib-link.read.1.tlog
c:\soft3d\soft3d\softengine\x64\debug\softengine.tlog\lib-link.write.1.tlog
c:\soft3d\soft3d\softengine\x64\debug\softengine.tlog\lib.command.1.tlog
