c:\projects\starlight3d\videon\videon\x64\release\videon.pch
c:\projects\starlight3d\starlightstudio\x64\release\videon.pdb
c:\projects\starlight3d\videon\videon\x64\release\pch.obj
c:\projects\starlight3d\videon\videon\x64\release\vidnative.obj
c:\projects\starlight3d\videon\videon\x64\release\videon.obj
c:\projects\starlight3d\starlightstudio\x64\release\avcodec-58.dll
c:\projects\starlight3d\starlightstudio\x64\release\avdevice-58.dll
c:\projects\starlight3d\starlightstudio\x64\release\avfilter-7.dll
c:\projects\starlight3d\starlightstudio\x64\release\avformat-58.dll
c:\projects\starlight3d\starlightstudio\x64\release\avutil-56.dll
c:\projects\starlight3d\starlightstudio\x64\release\postproc-55.dll
c:\projects\starlight3d\starlightstudio\x64\release\swresample-3.dll
c:\projects\starlight3d\starlightstudio\x64\release\swscale-5.dll
c:\projects\starlight3d\starlightstudio\x64\release\videon.lib
c:\projects\starlight3d\videon\videon\x64\release\videon.tlog\cl.command.1.tlog
c:\projects\starlight3d\videon\videon\x64\release\videon.tlog\cl.read.1.tlog
c:\projects\starlight3d\videon\videon\x64\release\videon.tlog\cl.write.1.tlog
c:\projects\starlight3d\videon\videon\x64\release\videon.tlog\copylocal.read.1u.tlog
c:\projects\starlight3d\videon\videon\x64\release\videon.tlog\copylocal.write.1u.tlog
c:\projects\starlight3d\videon\videon\x64\release\videon.tlog\lib-link.read.1.tlog
c:\projects\starlight3d\videon\videon\x64\release\videon.tlog\lib-link.write.1.tlog
c:\projects\starlight3d\videon\videon\x64\release\videon.tlog\lib.command.1.tlog
