c:\infinity\videon\x64\debug\videon.pch
c:\infinity\engine\infinityengine\x64\debug\videon.pdb
c:\infinity\engine\infinityengine\x64\debug\videon.idb
c:\infinity\videon\x64\debug\pch.obj
c:\infinity\videon\x64\debug\vidnative.obj
c:\infinity\videon\x64\debug\videon.obj
c:\infinity\engine\infinityengine\x64\debug\avcodec-58.dll
c:\infinity\engine\infinityengine\x64\debug\avdevice-58.dll
c:\infinity\engine\infinityengine\x64\debug\avfilter-7.dll
c:\infinity\engine\infinityengine\x64\debug\avformat-58.dll
c:\infinity\engine\infinityengine\x64\debug\avutil-56.dll
c:\infinity\engine\infinityengine\x64\debug\postproc-55.dll
c:\infinity\engine\infinityengine\x64\debug\swresample-3.dll
c:\infinity\engine\infinityengine\x64\debug\swscale-5.dll
c:\infinity\engine\infinityengine\x64\debug\videon.lib
c:\infinity\videon\x64\debug\videon.tlog\cl.command.1.tlog
c:\infinity\videon\x64\debug\videon.tlog\cl.read.1.tlog
c:\infinity\videon\x64\debug\videon.tlog\cl.write.1.tlog
c:\infinity\videon\x64\debug\videon.tlog\copylocal.read.1u.tlog
c:\infinity\videon\x64\debug\videon.tlog\copylocal.write.1u.tlog
c:\infinity\videon\x64\debug\videon.tlog\lib-link.read.1.tlog
c:\infinity\videon\x64\debug\videon.tlog\lib-link.write.1.tlog
c:\infinity\videon\x64\debug\videon.tlog\lib.command.1.tlog
