c:\hdremakes\interceptor\interceptorhd\interceptorhd\x64\debug\vc143.pdb
c:\hdremakes\interceptor\interceptorhd\interceptorhd\x64\debug\vc143.idb
c:\hdremakes\interceptor\interceptorhd\interceptorhd\x64\debug\interceptorhd.obj
c:\hdremakes\interceptor\interceptorhd\interceptorhd\x64\debug\interceptorapp.obj
c:\hdremakes\interceptor\interceptorhd\x64\debug\interceptorhd.pdb
c:\hdremakes\interceptor\interceptorhd\interceptorhd\x64\debug\interceptorhd.tlog\cl.command.1.tlog
c:\hdremakes\interceptor\interceptorhd\interceptorhd\x64\debug\interceptorhd.tlog\cl.read.1.tlog
c:\hdremakes\interceptor\interceptorhd\interceptorhd\x64\debug\interceptorhd.tlog\cl.write.1.tlog
c:\hdremakes\interceptor\interceptorhd\interceptorhd\x64\debug\interceptorhd.tlog\link-cvtres.read.1.tlog
c:\hdremakes\interceptor\interceptorhd\interceptorhd\x64\debug\interceptorhd.tlog\link-cvtres.write.1.tlog
c:\hdremakes\interceptor\interceptorhd\interceptorhd\x64\debug\interceptorhd.tlog\link-rc.read.1.tlog
c:\hdremakes\interceptor\interceptorhd\interceptorhd\x64\debug\interceptorhd.tlog\link-rc.write.1.tlog
c:\hdremakes\interceptor\interceptorhd\interceptorhd\x64\debug\interceptorhd.tlog\link.32436-cvtres.read.1.tlog
c:\hdremakes\interceptor\interceptorhd\interceptorhd\x64\debug\interceptorhd.tlog\link.32436-cvtres.write.1.tlog
c:\hdremakes\interceptor\interceptorhd\interceptorhd\x64\debug\interceptorhd.tlog\link.32436-rc.read.1.tlog
c:\hdremakes\interceptor\interceptorhd\interceptorhd\x64\debug\interceptorhd.tlog\link.32436-rc.write.1.tlog
c:\hdremakes\interceptor\interceptorhd\interceptorhd\x64\debug\interceptorhd.tlog\link.32436.read.1.tlog
c:\hdremakes\interceptor\interceptorhd\interceptorhd\x64\debug\interceptorhd.tlog\link.32436.read.2.tlog
c:\hdremakes\interceptor\interceptorhd\interceptorhd\x64\debug\interceptorhd.tlog\link.32436.write.1.tlog
c:\hdremakes\interceptor\interceptorhd\interceptorhd\x64\debug\interceptorhd.tlog\link.command.1.tlog
c:\hdremakes\interceptor\interceptorhd\interceptorhd\x64\debug\interceptorhd.tlog\link.read.1.tlog
c:\hdremakes\interceptor\interceptorhd\interceptorhd\x64\debug\interceptorhd.tlog\link.read.2.tlog
c:\hdremakes\interceptor\interceptorhd\interceptorhd\x64\debug\interceptorhd.tlog\link.write.1.tlog
