c:\soft3d\soft3d\softengine\x64\release\softengine.pch
c:\soft3d\soft3d\x64\release\softengine.pdb
c:\soft3d\soft3d\softengine\x64\release\pch.obj
c:\soft3d\soft3d\softengine\x64\release\gl.obj
c:\soft3d\soft3d\softengine\x64\release\shadereffect.obj
c:\soft3d\soft3d\softengine\x64\release\scenegraph.obj
c:\soft3d\soft3d\softengine\x64\release\renderer.obj
c:\soft3d\soft3d\softengine\x64\release\rect.obj
c:\soft3d\soft3d\softengine\x64\release\quickdraw.obj
c:\soft3d\soft3d\softengine\x64\release\pixelmap.obj
c:\soft3d\soft3d\softengine\x64\release\nodelight.obj
c:\soft3d\soft3d\softengine\x64\release\nodeentity.obj
c:\soft3d\soft3d\softengine\x64\release\nodecamera.obj
c:\soft3d\soft3d\softengine\x64\release\node.obj
c:\soft3d\soft3d\softengine\x64\release\mesh3d.obj
c:\soft3d\soft3d\softengine\x64\release\mathhelper.obj
c:\soft3d\soft3d\softengine\x64\release\kfont.obj
c:\soft3d\soft3d\softengine\x64\release\importer.obj
c:\soft3d\soft3d\softengine\x64\release\gameinput.obj
c:\soft3d\soft3d\softengine\x64\release\depthbuffer.obj
c:\soft3d\soft3d\softengine\x64\release\color.obj
c:\soft3d\soft3d\softengine\x64\release\channel.obj
c:\soft3d\soft3d\softengine\x64\release\audiosystem.obj
c:\soft3d\soft3d\softengine\x64\release\appstate.obj
c:\soft3d\soft3d\softengine\x64\release\vfile.obj
c:\soft3d\soft3d\softengine\x64\release\texture2d.obj
c:\soft3d\soft3d\softengine\x64\release\sound.obj
c:\soft3d\soft3d\softengine\x64\release\softtypes.obj
c:\soft3d\soft3d\softengine\x64\release\softengine.obj
c:\soft3d\soft3d\softengine\x64\release\softapp.obj
c:\soft3d\soft3d\softengine\x64\release\renderernitro.obj
c:\soft3d\soft3d\softengine\x64\release\std.ixx.ifc
c:\soft3d\soft3d\softengine\x64\release\std.ixx.ifc.d.json
c:\soft3d\soft3d\softengine\x64\release\std.ixx.obj
c:\soft3d\soft3d\softengine\x64\release\std.compat.ixx.ifc
c:\soft3d\soft3d\softengine\x64\release\std.compat.ixx.ifc.d.json
c:\soft3d\soft3d\softengine\x64\release\std.compat.ixx.obj
c:\soft3d\soft3d\x64\release\softengine.lib
c:\soft3d\soft3d\softengine\x64\release\std.compat.ixx.module.json
c:\soft3d\soft3d\softengine\x64\release\std.ixx.module.json
c:\soft3d\soft3d\softengine\x64\release\softengine.tlog\cl.command.1.tlog
c:\soft3d\soft3d\softengine\x64\release\softengine.tlog\cl.items.tlog
c:\soft3d\soft3d\softengine\x64\release\softengine.tlog\cl.read.1.tlog
c:\soft3d\soft3d\softengine\x64\release\softengine.tlog\cl.write.1.tlog
c:\soft3d\soft3d\softengine\x64\release\softengine.tlog\lib-link.read.1.tlog
c:\soft3d\soft3d\softengine\x64\release\softengine.tlog\lib-link.write.1.tlog
c:\soft3d\soft3d\softengine\x64\release\softengine.tlog\lib.command.1.tlog
c:\soft3d\soft3d\softengine\x64\release\softengine_md.tlog\cl.command.1.tlog
c:\soft3d\soft3d\softengine\x64\release\softengine_md.tlog\microsoft.build.cpptasks.cl.read.1.tlog
c:\soft3d\soft3d\softengine\x64\release\softengine_md.tlog\microsoft.build.cpptasks.cl.write.1.tlog
